<?xml version="1.0" encoding="UTF-8"?>
<!-- Generated by org.testng.reporters.JUnitXMLReporter -->
<testsuite hostname="Gio-MacBook-Pro.local" tests="3" failures="0" timestamp="15 Jun 2016 04:10:58 GMT" time="4.607" errors="0">
  <testcase name="verifyTitleInResponseBody on verifyTitleInResponseBody(APITest)" time="2.384" classname="APITest"/>
  <testcase name="verifyResponseType on verifyResponseType(APITest)" time="1.336" classname="APITest"/>
  <testcase name="verifyStatus on verifyStatus(APITest)" time="0.819" classname="APITest"/>
</testsuite>
